2025-11-24 08:56:57,627 - ERROR - Failed to initialize historical database: no such column: date
2025-11-24 09:00:18,685 - INFO - Historical database initialized successfully
2025-11-24 09:00:18,685 - INFO - Automated Cigar Price System initialized
2025-11-24 09:00:18,685 - INFO - ======================================================================
2025-11-24 09:00:18,685 - INFO - STARTING AUTOMATED CIGAR PRICE UPDATE CYCLE
2025-11-24 09:00:18,685 - INFO - Time: 2025-11-24 09:00:18
2025-11-24 09:00:18,685 - INFO - ======================================================================
2025-11-24 09:00:18,686 - INFO - Auto-discovering retailer update scripts in app/ folder...
2025-11-24 09:00:18,686 - INFO -   Found: absolutecigars -> update_absolute_cigars_prices_final.py
2025-11-24 09:00:18,686 - INFO -   Found: atlantic -> update_atlantic_prices_final.py
2025-11-24 09:00:18,686 - INFO -   Found: bnbtobacco -> update_bnbtobacco_prices_final.py
2025-11-24 09:00:18,686 - INFO -   Found: cigarsdirect -> update_cigarsdirect_prices_final.py
2025-11-24 09:00:18,686 - INFO -   Found: foxcigar -> update_foxcigar_prices_final.py
2025-11-24 09:00:18,686 - INFO -   Found: gothamcigars -> update_gotham_prices_final.py
2025-11-24 09:00:18,686 - INFO -   Found: hilands -> update_hilandscigars_prices_final.py
2025-11-24 09:00:18,687 - INFO -   Found: holts -> update_holts_prices_final.py
2025-11-24 09:00:18,687 - INFO -   Found: neptune -> update_neptune_prices_final.py
2025-11-24 09:00:18,687 - INFO -   Found: planetcigars -> update_planet_cigars_prices_final.py
2025-11-24 09:00:18,687 - INFO -   Found: smallbatchcigar -> update_smallbatch_cigar_prices_final.py
2025-11-24 09:00:18,687 - INFO -   Found: smokeinn -> update_smokeinn_prices_final.py
2025-11-24 09:00:18,687 - INFO -   Found: tampasweethearts -> update_tampasweethearts_prices_final.py
2025-11-24 09:00:18,687 - INFO -   Found: tobaccolocker -> update_tobaccolocker_prices_final.py
2025-11-24 09:00:18,687 - INFO -   Found: watchcity -> update_watchcity_prices_final.py
2025-11-24 09:00:18,687 - INFO -   Found: cccrafter -> update_cccrafter_prices.py
2025-11-24 09:00:18,687 - INFO -   Found: nickscigarworld -> update_nicks_prices.py
2025-11-24 09:00:18,688 - INFO -   Found: twoguys -> update_two_guys_prices.py
2025-11-24 09:00:18,688 - INFO - Discovered 18 retailers
2025-11-24 09:00:18,688 - INFO - Capturing pre-update state for historical tracking...
2025-11-24 09:00:18,966 - INFO - Running updates for 18 retailers...
2025-11-24 09:00:18,967 - INFO - Starting update for absolutecigars
