2025-12-03 06:34:59,377 - INFO - Historical database initialized successfully
2025-12-03 06:34:59,377 - INFO - Automated Cigar Price System initialized
2025-12-03 06:34:59,377 - INFO - ======================================================================
2025-12-03 06:34:59,377 - INFO - STARTING AUTOMATED CIGAR PRICE UPDATE CYCLE
2025-12-03 06:34:59,377 - INFO - Time: 2025-12-03 06:34:59
2025-12-03 06:34:59,377 - INFO - ======================================================================
2025-12-03 06:34:59,377 - INFO - Auto-discovering retailer update scripts in app/ folder...
2025-12-03 06:34:59,378 - INFO -   Found: absolutecigars -> update_absolute_cigars_prices_final.py
2025-12-03 06:34:59,378 - INFO -   Found: atlantic -> update_atlantic_prices_final.py
2025-12-03 06:34:59,378 - INFO -   Found: bighumidor -> update_bighumidor_prices_final.py
2025-12-03 06:34:59,378 - INFO -   Found: bnbtobacco -> update_bnbtobacco_prices_final.py
2025-12-03 06:34:59,378 - INFO -   Found: cigarsdirect -> update_cigarsdirect_prices_final.py
2025-12-03 06:34:59,378 - INFO -   Found: foxcigar -> update_foxcigar_prices_final.py
2025-12-03 06:34:59,378 - INFO -   Found: gothamcigars -> update_gotham_prices_final.py
2025-12-03 06:34:59,378 - INFO -   Found: hilands -> update_hilandscigars_prices_final.py
2025-12-03 06:34:59,378 - INFO -   Found: holts -> update_holts_prices_final.py
2025-12-03 06:34:59,378 - INFO -   Found: neptune -> update_neptune_prices_final.py
2025-12-03 06:34:59,378 - INFO -   Found: planetcigars -> update_planet_cigars_prices_final.py
2025-12-03 06:34:59,378 - INFO -   Found: smallbatchcigar -> update_smallbatch_cigar_prices_final.py
2025-12-03 06:34:59,378 - INFO -   Found: smokeinn -> update_smokeinn_prices_final.py
2025-12-03 06:34:59,379 - INFO -   Found: tampasweethearts -> update_tampasweethearts_prices_final.py
2025-12-03 06:34:59,379 - INFO -   Found: tobaccolocker -> update_tobaccolocker_prices_final.py
2025-12-03 06:34:59,379 - INFO -   Found: watchcity -> update_watchcity_prices_final.py
2025-12-03 06:34:59,379 - INFO -   Found: cccrafter -> update_cccrafter_prices.py
2025-12-03 06:34:59,379 - INFO -   Found: nickscigarworld -> update_nicks_prices.py
2025-12-03 06:34:59,379 - INFO -   Found: twoguys -> update_two_guys_prices.py
2025-12-03 06:34:59,379 - INFO - Discovered 19 retailers
2025-12-03 06:34:59,379 - INFO - Capturing pre-update state for historical tracking...
2025-12-03 06:34:59,455 - INFO - Running updates for 19 retailers...
2025-12-03 06:34:59,456 - INFO - Starting update for absolutecigars
2025-12-03 06:35:24,194 - INFO - ✓ absolutecigars: 10 products updated in 24.7s
2025-12-03 06:35:26,195 - INFO - Starting update for atlantic
2025-12-03 06:35:49,143 - INFO - ✓ atlantic: 11 products updated in 22.9s
2025-12-03 06:35:51,143 - INFO - Starting update for bighumidor
2025-12-03 06:35:58,432 - INFO - ✓ bighumidor: 5 products updated in 7.3s
2025-12-03 06:36:00,432 - INFO - Starting update for bnbtobacco
2025-12-03 06:36:11,131 - INFO - ✓ bnbtobacco: 5 products updated in 10.7s
2025-12-03 06:36:13,132 - INFO - Starting update for cigarsdirect
2025-12-03 06:36:36,159 - INFO - ✓ cigarsdirect: 13 products updated in 23.0s
2025-12-03 06:36:38,159 - INFO - Starting update for foxcigar
2025-12-03 06:37:06,120 - INFO - ✓ foxcigar: 10 products updated in 28.0s
2025-12-03 06:37:08,121 - INFO - Starting update for gothamcigars
2025-12-03 06:37:14,539 - INFO - ✓ gothamcigars: 3 products updated in 6.4s
2025-12-03 06:37:16,540 - INFO - Starting update for hilands
2025-12-03 06:37:41,530 - INFO - ✓ hilands: 12 products updated in 25.0s
2025-12-03 06:37:43,531 - INFO - Starting update for holts
2025-12-03 06:39:08,570 - INFO - ✓ holts: 9 products updated in 85.0s
2025-12-03 06:39:10,571 - INFO - Starting update for neptune
2025-12-03 06:39:35,928 - INFO - ✓ neptune: 12 products updated in 25.4s
2025-12-03 06:39:37,929 - INFO - Starting update for planetcigars
2025-12-03 06:39:49,230 - INFO - ✓ planetcigars: 4 products updated in 11.3s
2025-12-03 06:39:51,231 - INFO - Starting update for smallbatchcigar
2025-12-03 06:40:20,240 - INFO - ✓ smallbatchcigar: 11 products updated in 29.0s
2025-12-03 06:40:22,240 - INFO - Starting update for smokeinn
2025-12-03 06:41:22,369 - INFO - ✓ smokeinn: 10 products updated in 60.1s
2025-12-03 06:41:24,369 - INFO - Starting update for tampasweethearts
2025-12-03 06:41:31,898 - INFO - ✓ tampasweethearts: 4 products updated in 7.5s
2025-12-03 06:41:33,899 - INFO - Starting update for tobaccolocker
2025-12-03 06:41:44,147 - INFO - ✓ tobaccolocker: 6 products updated in 10.2s
2025-12-03 06:41:46,148 - INFO - Starting update for watchcity
2025-12-03 06:41:54,861 - INFO - ✓ watchcity: 2 products updated in 8.7s
2025-12-03 06:41:56,862 - INFO - Starting update for cccrafter
2025-12-03 06:42:00,326 - INFO - ✓ cccrafter: 3 products updated in 3.5s
2025-12-03 06:42:02,327 - INFO - Starting update for nickscigarworld
2025-12-03 06:42:22,357 - INFO - ✓ nickscigarworld: 12 products updated in 20.0s
2025-12-03 06:42:24,358 - INFO - Starting update for twoguys
2025-12-03 06:42:31,210 - INFO - ✓ twoguys: 3 products updated in 6.9s
2025-12-03 06:42:33,211 - INFO - Capturing post-update state and tracking changes...
2025-12-03 06:42:33,430 - INFO - Applying promotional discounts...
2025-12-03 06:42:33,519 - INFO - ✓ Promotional processing completed successfully
2025-12-03 06:42:33,520 - INFO - Starting git commit and push...
2025-12-03 06:42:33,778 - INFO - Git commit successful: Automated price update - 2025-12-03 06:42
2025-12-03 06:42:35,372 - INFO - Git push successful
2025-12-03 06:42:35,372 - INFO - ======================================================================
2025-12-03 06:42:35,372 - INFO - AUTOMATION CYCLE COMPLETE
2025-12-03 06:42:35,372 - INFO - Duration: 7.6 minutes
2025-12-03 06:42:35,372 - INFO - Retailers: 19/19 successful
2025-12-03 06:42:35,372 - INFO - Products Updated: 145
2025-12-03 06:42:35,372 - INFO - Git Push: SUCCESS
2025-12-03 06:42:35,372 - INFO - ======================================================================
2025-12-03 06:42:36,744 - INFO - Notification email sent successfully
2025-12-03 14:28:46,467 - INFO - Historical database initialized successfully
2025-12-03 14:28:46,467 - INFO - Automated Cigar Price System initialized
2025-12-03 14:28:46,467 - INFO - ======================================================================
2025-12-03 14:28:46,467 - INFO - STARTING AUTOMATED CIGAR PRICE UPDATE CYCLE
2025-12-03 14:28:46,467 - INFO - Time: 2025-12-03 14:28:46
2025-12-03 14:28:46,467 - INFO - ======================================================================
2025-12-03 14:28:46,467 - INFO - Auto-discovering retailer update scripts in app/ folder...
2025-12-03 14:28:46,468 - INFO -   Found: absolutecigars -> update_absolute_cigars_prices_final.py
2025-12-03 14:28:46,468 - INFO -   Found: atlantic -> update_atlantic_prices_final.py
2025-12-03 14:28:46,468 - INFO -   Found: bighumidor -> update_bighumidor_prices_final.py
2025-12-03 14:28:46,468 - INFO -   Found: bnbtobacco -> update_bnbtobacco_prices_final.py
2025-12-03 14:28:46,468 - INFO -   Found: cigarsdirect -> update_cigarsdirect_prices_final.py
2025-12-03 14:28:46,468 - INFO -   Found: foxcigar -> update_foxcigar_prices_final.py
2025-12-03 14:28:46,469 - INFO -   Found: gothamcigars -> update_gotham_prices_final.py
2025-12-03 14:28:46,469 - INFO -   Found: hilands -> update_hilandscigars_prices_final.py
2025-12-03 14:28:46,469 - INFO -   Found: holts -> update_holts_prices_final.py
2025-12-03 14:28:46,469 - INFO -   Found: neptune -> update_neptune_prices_final.py
2025-12-03 14:28:46,469 - INFO -   Found: planetcigars -> update_planet_cigars_prices_final.py
2025-12-03 14:28:46,469 - INFO -   Found: smallbatchcigar -> update_smallbatch_cigar_prices_final.py
2025-12-03 14:28:46,469 - INFO -   Found: smokeinn -> update_smokeinn_prices_final.py
2025-12-03 14:28:46,469 - INFO -   Found: tampasweethearts -> update_tampasweethearts_prices_final.py
2025-12-03 14:28:46,469 - INFO -   Found: tobaccolocker -> update_tobaccolocker_prices_final.py
2025-12-03 14:28:46,469 - INFO -   Found: watchcity -> update_watchcity_prices_final.py
2025-12-03 14:28:46,470 - INFO -   Found: cccrafter -> update_cccrafter_prices.py
2025-12-03 14:28:46,470 - INFO -   Found: nickscigarworld -> update_nicks_prices.py
2025-12-03 14:28:46,470 - INFO -   Found: twoguys -> update_two_guys_prices.py
2025-12-03 14:28:46,470 - INFO - Discovered 19 retailers
2025-12-03 14:28:46,470 - INFO - Capturing pre-update state for historical tracking...
2025-12-03 14:28:46,916 - INFO - Running updates for 19 retailers...
2025-12-03 14:28:46,916 - INFO - Starting update for absolutecigars
2025-12-03 14:30:25,006 - INFO - ✓ absolutecigars: 40 products updated in 98.1s
2025-12-03 14:30:27,007 - INFO - Starting update for atlantic
2025-12-03 14:31:54,331 - INFO - ✓ atlantic: 44 products updated in 87.3s
2025-12-03 14:31:56,332 - INFO - Starting update for bighumidor
2025-12-03 14:31:56,745 - ERROR - ✗ bighumidor: Failed - [ERROR] Could not import BigHumidorExtractor. Make sure the extractor is in tools/price_monitoring/retailers/big_humidor_extractor.py
...
2025-12-03 14:31:58,746 - INFO - Starting update for bnbtobacco
2025-12-03 14:32:44,393 - INFO - ✓ bnbtobacco: 25 products updated in 45.6s
2025-12-03 14:32:46,394 - INFO - Starting update for cigarsdirect
2025-12-03 14:34:13,831 - INFO - ✓ cigarsdirect: 58 products updated in 87.4s
2025-12-03 14:34:15,832 - INFO - Starting update for foxcigar
2025-12-03 14:34:44,523 - INFO - ✓ foxcigar: 10 products updated in 28.7s
2025-12-03 14:34:46,524 - INFO - Starting update for gothamcigars
2025-12-03 14:34:53,080 - INFO - ✓ gothamcigars: 3 products updated in 6.6s
2025-12-03 14:34:55,080 - INFO - Starting update for hilands
2025-12-03 14:35:21,333 - INFO - ✓ hilands: 12 products updated in 26.3s
2025-12-03 14:35:23,334 - INFO - Starting update for holts
2025-12-03 14:36:37,504 - INFO - ✓ holts: 9 products updated in 74.2s
2025-12-03 14:36:39,505 - INFO - Starting update for neptune
2025-12-03 14:37:01,277 - INFO - ✓ neptune: 12 products updated in 21.8s
2025-12-03 14:37:03,277 - INFO - Starting update for planetcigars
2025-12-03 14:37:14,198 - INFO - ✓ planetcigars: 4 products updated in 10.9s
2025-12-03 14:37:16,199 - INFO - Starting update for smallbatchcigar
2025-12-03 14:37:42,070 - INFO - ✓ smallbatchcigar: 11 products updated in 25.9s
2025-12-03 14:37:44,071 - INFO - Starting update for smokeinn
2025-12-03 14:38:44,691 - INFO - ✓ smokeinn: 10 products updated in 60.6s
2025-12-03 14:38:46,692 - INFO - Starting update for tampasweethearts
2025-12-03 14:38:54,860 - INFO - ✓ tampasweethearts: 4 products updated in 8.2s
2025-12-03 14:38:56,861 - INFO - Starting update for tobaccolocker
2025-12-03 15:10:37,471 - ERROR - ✗ tobaccolocker: Timeout after 30 minutes
2025-12-03 15:10:39,472 - INFO - Starting update for watchcity
2025-12-03 15:10:48,188 - INFO - ✓ watchcity: 2 products updated in 8.7s
2025-12-03 15:10:50,189 - INFO - Starting update for cccrafter
2025-12-03 15:11:32,418 - INFO - ✓ cccrafter: 25 products updated in 42.2s
2025-12-03 15:11:34,418 - INFO - Starting update for nickscigarworld
2025-12-03 15:12:02,344 - INFO - ✓ nickscigarworld: 12 products updated in 27.9s
2025-12-03 15:12:04,345 - INFO - Starting update for twoguys
2025-12-03 15:12:10,205 - INFO - ✓ twoguys: 3 products updated in 5.9s
2025-12-03 15:12:12,205 - INFO - Capturing post-update state and tracking changes...
2025-12-03 15:12:12,605 - INFO - Applying promotional discounts...
2025-12-03 15:12:12,721 - INFO - ✓ Promotional processing completed successfully
2025-12-03 15:12:12,722 - INFO - Starting git commit and push...
2025-12-03 15:12:13,159 - INFO - Git commit successful: Automated price update - 2025-12-03 15:12
2025-12-03 15:12:15,396 - INFO - Git push successful
2025-12-03 15:12:15,396 - INFO - ======================================================================
2025-12-03 15:12:15,396 - INFO - AUTOMATION CYCLE COMPLETE
2025-12-03 15:12:15,396 - INFO - Duration: 43.5 minutes
2025-12-03 15:12:15,396 - INFO - Retailers: 17/19 successful
2025-12-03 15:12:15,396 - INFO - Products Updated: 284
2025-12-03 15:12:15,396 - INFO - Git Push: SUCCESS
2025-12-03 15:12:15,396 - ERROR - Errors: 2 encountered
2025-12-03 15:12:15,396 - INFO - ======================================================================
2025-12-03 15:12:16,472 - INFO - Notification email sent successfully
2025-12-03 18:09:14,062 - INFO - Historical database initialized successfully
2025-12-03 18:09:14,062 - INFO - Automated Cigar Price System initialized
2025-12-03 18:09:14,062 - INFO - ======================================================================
2025-12-03 18:09:14,062 - INFO - STARTING AUTOMATED CIGAR PRICE UPDATE CYCLE
2025-12-03 18:09:14,063 - INFO - Time: 2025-12-03 18:09:14
2025-12-03 18:09:14,063 - INFO - ======================================================================
2025-12-03 18:09:14,063 - INFO - Auto-discovering retailer update scripts in app/ folder...
2025-12-03 18:09:14,063 - INFO -   Found: absolutecigars -> update_absolute_cigars_prices_final.py
2025-12-03 18:09:14,064 - INFO -   Found: atlantic -> update_atlantic_prices_final.py
2025-12-03 18:09:14,064 - INFO -   Found: bighumidor -> update_bighumidor_prices_final.py
2025-12-03 18:09:14,064 - INFO -   Found: bnbtobacco -> update_bnbtobacco_prices_final.py
2025-12-03 18:09:14,064 - INFO -   Found: cigarsdirect -> update_cigarsdirect_prices_final.py
2025-12-03 18:09:14,064 - INFO -   Found: foxcigar -> update_foxcigar_prices_final.py
2025-12-03 18:09:14,064 - INFO -   Found: gothamcigars -> update_gotham_prices_final.py
2025-12-03 18:09:14,064 - INFO -   Found: hilands -> update_hilandscigars_prices_final.py
2025-12-03 18:09:14,064 - INFO -   Found: holts -> update_holts_prices_final.py
2025-12-03 18:09:14,064 - INFO -   Found: neptune -> update_neptune_prices_final.py
2025-12-03 18:09:14,064 - INFO -   Found: planetcigars -> update_planet_cigars_prices_final.py
2025-12-03 18:09:14,064 - INFO -   Found: smallbatchcigar -> update_smallbatch_cigar_prices_final.py
2025-12-03 18:09:14,064 - INFO -   Found: smokeinn -> update_smokeinn_prices_final.py
2025-12-03 18:09:14,064 - INFO -   Found: tampasweethearts -> update_tampasweethearts_prices_final.py
2025-12-03 18:09:14,065 - INFO -   Found: tobaccolocker -> update_tobaccolocker_prices_final.py
2025-12-03 18:09:14,065 - INFO -   Found: watchcity -> update_watchcity_prices_final.py
2025-12-03 18:09:14,065 - INFO -   Found: cccrafter -> update_cccrafter_prices.py
2025-12-03 18:09:14,065 - INFO -   Found: nickscigarworld -> update_nicks_prices.py
2025-12-03 18:09:14,065 - INFO -   Found: twoguys -> update_two_guys_prices.py
2025-12-03 18:09:14,065 - INFO - Discovered 19 retailers
2025-12-03 18:09:14,065 - INFO - Capturing pre-update state for historical tracking...
2025-12-03 18:09:14,406 - INFO - Running updates for 19 retailers...
2025-12-03 18:09:14,406 - INFO - Starting update for absolutecigars
2025-12-03 18:10:56,183 - INFO - ✓ absolutecigars: 40 products updated in 101.8s
2025-12-03 18:10:58,183 - INFO - Starting update for atlantic
2025-12-03 18:12:23,756 - INFO - ✓ atlantic: 44 products updated in 85.6s
2025-12-03 18:12:25,757 - INFO - Starting update for bighumidor
2025-12-03 18:12:36,219 - INFO - ✓ bighumidor: 57 products updated in 10.5s
2025-12-03 18:12:38,219 - INFO - Starting update for bnbtobacco
2025-12-03 18:13:23,227 - INFO - ✓ bnbtobacco: 25 products updated in 45.0s
2025-12-03 18:13:25,227 - INFO - Starting update for cigarsdirect
2025-12-03 18:15:07,742 - INFO - ✓ cigarsdirect: 58 products updated in 102.5s
2025-12-03 18:15:09,742 - INFO - Starting update for foxcigar
2025-12-03 18:15:37,555 - INFO - ✓ foxcigar: 10 products updated in 27.8s
2025-12-03 18:15:39,555 - INFO - Starting update for gothamcigars
2025-12-03 18:15:46,072 - INFO - ✓ gothamcigars: 3 products updated in 6.5s
2025-12-03 18:15:48,072 - INFO - Starting update for hilands
2025-12-03 18:16:11,924 - INFO - ✓ hilands: 12 products updated in 23.9s
2025-12-03 18:16:13,925 - INFO - Starting update for holts
2025-12-03 18:17:42,855 - INFO - ✓ holts: 9 products updated in 88.9s
2025-12-03 18:17:44,856 - INFO - Starting update for neptune
2025-12-03 18:18:06,561 - INFO - ✓ neptune: 12 products updated in 21.7s
2025-12-03 18:18:08,561 - INFO - Starting update for planetcigars
2025-12-03 18:18:19,974 - INFO - ✓ planetcigars: 4 products updated in 11.4s
2025-12-03 18:18:21,975 - INFO - Starting update for smallbatchcigar
2025-12-03 18:18:47,436 - INFO - ✓ smallbatchcigar: 11 products updated in 25.5s
2025-12-03 18:18:49,437 - INFO - Starting update for smokeinn
2025-12-03 18:19:52,209 - INFO - ✓ smokeinn: 10 products updated in 62.8s
2025-12-03 18:19:54,209 - INFO - Starting update for tampasweethearts
2025-12-03 18:20:01,733 - INFO - ✓ tampasweethearts: 4 products updated in 7.5s
2025-12-03 18:20:03,734 - INFO - Starting update for tobaccolocker
2025-12-03 18:20:14,280 - INFO - ✓ tobaccolocker: 6 products updated in 10.5s
2025-12-03 18:20:16,280 - INFO - Starting update for watchcity
2025-12-03 18:20:24,797 - INFO - ✓ watchcity: 2 products updated in 8.5s
2025-12-03 18:20:26,798 - INFO - Starting update for cccrafter
2025-12-03 18:21:09,162 - INFO - ✓ cccrafter: 25 products updated in 42.4s
2025-12-03 18:21:11,163 - INFO - Starting update for nickscigarworld
2025-12-03 18:21:30,608 - INFO - ✓ nickscigarworld: 12 products updated in 19.4s
2025-12-03 18:21:32,609 - INFO - Starting update for twoguys
2025-12-03 18:21:38,886 - INFO - ✓ twoguys: 3 products updated in 6.3s
2025-12-03 18:21:40,887 - INFO - Capturing post-update state and tracking changes...
2025-12-03 18:21:41,252 - INFO - Applying promotional discounts...
2025-12-03 18:21:41,336 - INFO - ✓ Promotional processing completed successfully
2025-12-03 18:21:41,336 - INFO - Starting git commit and push...
2025-12-03 18:21:41,951 - INFO - Git commit successful: Automated price update - 2025-12-03 18:21
2025-12-03 18:21:44,230 - INFO - Git push successful
2025-12-03 18:21:44,230 - INFO - ======================================================================
2025-12-03 18:21:44,230 - INFO - AUTOMATION CYCLE COMPLETE
2025-12-03 18:21:44,230 - INFO - Duration: 12.5 minutes
2025-12-03 18:21:44,230 - INFO - Retailers: 19/19 successful
2025-12-03 18:21:44,230 - INFO - Products Updated: 347
2025-12-03 18:21:44,230 - INFO - Git Push: SUCCESS
2025-12-03 18:21:44,230 - INFO - ======================================================================
2025-12-03 18:21:45,712 - INFO - Notification email sent successfully
