2025-12-09 06:10:25,294 - INFO - Historical database initialized successfully
2025-12-09 06:10:25,294 - INFO - Automated Cigar Price System initialized
2025-12-09 06:10:25,294 - INFO - ======================================================================
2025-12-09 06:10:25,294 - INFO - STARTING AUTOMATED CIGAR PRICE UPDATE CYCLE
2025-12-09 06:10:25,294 - INFO - Time: 2025-12-09 06:10:25
2025-12-09 06:10:25,294 - INFO - ======================================================================
2025-12-09 06:10:25,294 - INFO - Auto-discovering retailer update scripts in app/ folder...
2025-12-09 06:10:25,295 - INFO -   Found: absolutecigars -> update_absolute_cigars_prices_final.py
2025-12-09 06:10:25,295 - INFO -   Found: atlantic -> update_atlantic_prices_final.py
2025-12-09 06:10:25,295 - INFO -   Found: bighumidor -> update_bighumidor_prices_final.py
2025-12-09 06:10:25,295 - INFO -   Found: bnbtobacco -> update_bnbtobacco_prices_final.py
2025-12-09 06:10:25,295 - INFO -   Found: cigarsdirect -> update_cigarsdirect_prices_final.py
2025-12-09 06:10:25,295 - INFO -   Found: foxcigar -> update_foxcigar_prices_final.py
2025-12-09 06:10:25,296 - INFO -   Found: gothamcigars -> update_gotham_prices_final.py
2025-12-09 06:10:25,296 - INFO -   Found: hilands -> update_hilandscigars_prices_final.py
2025-12-09 06:10:25,296 - INFO -   Found: holts -> update_holts_prices_final.py
2025-12-09 06:10:25,296 - INFO -   Found: neptune -> update_neptune_prices_final.py
2025-12-09 06:10:25,296 - INFO -   Found: planetcigars -> update_planet_cigars_prices_final.py
2025-12-09 06:10:25,296 - INFO -   Found: smallbatchcigar -> update_smallbatch_cigar_prices_final.py
2025-12-09 06:10:25,296 - INFO -   Found: smokeinn -> update_smokeinn_prices_final.py
2025-12-09 06:10:25,296 - INFO -   Found: tampasweethearts -> update_tampasweethearts_prices_final.py
2025-12-09 06:10:25,296 - INFO -   Found: tobaccolocker -> update_tobaccolocker_prices_final.py
2025-12-09 06:10:25,296 - INFO -   Found: watchcity -> update_watchcity_prices_final.py
2025-12-09 06:10:25,297 - INFO -   Found: cccrafter -> update_cccrafter_prices.py
2025-12-09 06:10:25,297 - INFO -   Found: nickscigarworld -> update_nicks_prices.py
2025-12-09 06:10:25,297 - INFO -   Found: twoguys -> update_two_guys_prices.py
2025-12-09 06:10:25,297 - INFO - Discovered 19 retailers
2025-12-09 06:10:25,297 - INFO - Capturing pre-update state for historical tracking...
2025-12-09 06:10:25,446 - INFO - Running updates for 19 retailers...
2025-12-09 06:10:25,446 - INFO - Starting update for absolutecigars
2025-12-09 06:12:03,937 - INFO - ✓ absolutecigars: 40 products updated in 98.5s
2025-12-09 06:12:05,939 - INFO - Starting update for atlantic
2025-12-09 06:13:31,832 - INFO - ✓ atlantic: 44 products updated in 85.9s
2025-12-09 06:13:33,833 - INFO - Starting update for bighumidor
2025-12-09 06:13:45,274 - INFO - ✓ bighumidor: 57 products updated in 11.4s
2025-12-09 06:13:47,274 - INFO - Starting update for bnbtobacco
2025-12-09 06:14:31,913 - INFO - ✓ bnbtobacco: 25 products updated in 44.6s
2025-12-09 06:14:33,913 - INFO - Starting update for cigarsdirect
2025-12-09 06:16:12,456 - INFO - ✓ cigarsdirect: 57 products updated in 98.5s
2025-12-09 06:16:14,457 - INFO - Starting update for foxcigar
2025-12-09 06:18:14,041 - INFO - ✓ foxcigar: 44 products updated in 119.6s
2025-12-09 06:18:16,045 - INFO - Starting update for gothamcigars
2025-12-09 06:19:14,979 - INFO - ✓ gothamcigars: 31 products updated in 58.9s
2025-12-09 06:19:16,980 - INFO - Starting update for hilands
2025-12-09 06:20:46,905 - INFO - ✓ hilands: 43 products updated in 89.9s
2025-12-09 06:20:48,906 - INFO - Starting update for holts
2025-12-09 06:28:22,573 - INFO - ✓ holts: 56 products updated in 453.7s
2025-12-09 06:28:24,574 - INFO - Starting update for neptune
2025-12-09 06:30:19,653 - INFO - ✓ neptune: 58 products updated in 115.1s
2025-12-09 06:30:21,653 - INFO - Starting update for planetcigars
2025-12-09 06:31:10,403 - INFO - ✓ planetcigars: 18 products updated in 48.7s
2025-12-09 06:31:12,403 - INFO - Starting update for smallbatchcigar
2025-12-09 06:33:05,997 - INFO - ✓ smallbatchcigar: 53 products updated in 113.6s
2025-12-09 06:33:07,997 - INFO - Starting update for smokeinn
2025-12-09 06:34:07,431 - INFO - ✓ smokeinn: 10 products updated in 59.4s
2025-12-09 06:34:09,432 - INFO - Starting update for tampasweethearts
2025-12-09 06:34:18,188 - INFO - ✓ tampasweethearts: 4 products updated in 8.8s
2025-12-09 06:34:20,189 - INFO - Starting update for tobaccolocker
2025-12-09 06:34:30,716 - INFO - ✓ tobaccolocker: 6 products updated in 10.5s
2025-12-09 06:34:32,716 - INFO - Starting update for watchcity
2025-12-09 06:34:41,275 - INFO - ✓ watchcity: 2 products updated in 8.6s
2025-12-09 06:34:43,276 - INFO - Starting update for cccrafter
2025-12-09 06:35:27,273 - INFO - ✓ cccrafter: 25 products updated in 44.0s
2025-12-09 06:35:29,273 - INFO - Starting update for nickscigarworld
2025-12-09 06:37:04,295 - INFO - ✓ nickscigarworld: 45 products updated in 95.0s
2025-12-09 06:37:06,295 - INFO - Starting update for twoguys
2025-12-09 06:37:12,235 - INFO - ✓ twoguys: 3 products updated in 5.9s
2025-12-09 06:37:14,236 - INFO - Capturing post-update state and tracking changes...
2025-12-09 06:37:14,844 - INFO - Applying promotional discounts...
2025-12-09 06:37:14,991 - INFO - ✓ Promotional processing completed successfully
2025-12-09 06:37:14,991 - INFO - Starting git commit and push...
2025-12-09 06:37:15,623 - INFO - Git commit successful: Automated price update - 2025-12-09 06:37
2025-12-09 06:37:18,270 - INFO - Git push successful
2025-12-09 06:37:18,270 - INFO - ======================================================================
2025-12-09 06:37:18,270 - INFO - AUTOMATION CYCLE COMPLETE
2025-12-09 06:37:18,270 - INFO - Duration: 26.9 minutes
2025-12-09 06:37:18,270 - INFO - Retailers: 19/19 successful
2025-12-09 06:37:18,270 - INFO - Products Updated: 621
2025-12-09 06:37:18,270 - INFO - Git Push: SUCCESS
2025-12-09 06:37:18,270 - INFO - ======================================================================
2025-12-09 06:37:19,406 - INFO - Notification email sent successfully
