2025-11-25 06:28:22,407 - INFO - Historical database initialized successfully
2025-11-25 06:28:22,407 - INFO - Automated Cigar Price System initialized
2025-11-25 06:28:22,408 - INFO - ======================================================================
2025-11-25 06:28:22,408 - INFO - STARTING AUTOMATED CIGAR PRICE UPDATE CYCLE
2025-11-25 06:28:22,408 - INFO - Time: 2025-11-25 06:28:22
2025-11-25 06:28:22,408 - INFO - ======================================================================
2025-11-25 06:28:22,408 - INFO - Auto-discovering retailer update scripts in app/ folder...
2025-11-25 06:28:22,408 - INFO -   Found: absolutecigars -> update_absolute_cigars_prices_final.py
2025-11-25 06:28:22,408 - INFO -   Found: atlantic -> update_atlantic_prices_final.py
2025-11-25 06:28:22,409 - INFO -   Found: bighumidor -> update_bighumidor_prices_final.py
2025-11-25 06:28:22,409 - INFO -   Found: bnbtobacco -> update_bnbtobacco_prices_final.py
2025-11-25 06:28:22,409 - INFO -   Found: cigarsdirect -> update_cigarsdirect_prices_final.py
2025-11-25 06:28:22,409 - INFO -   Found: foxcigar -> update_foxcigar_prices_final.py
2025-11-25 06:28:22,409 - INFO -   Found: gothamcigars -> update_gotham_prices_final.py
2025-11-25 06:28:22,409 - INFO -   Found: hilands -> update_hilandscigars_prices_final.py
2025-11-25 06:28:22,409 - INFO -   Found: holts -> update_holts_prices_final.py
2025-11-25 06:28:22,409 - INFO -   Found: neptune -> update_neptune_prices_final.py
2025-11-25 06:28:22,409 - INFO -   Found: planetcigars -> update_planet_cigars_prices_final.py
2025-11-25 06:28:22,409 - INFO -   Found: smallbatchcigar -> update_smallbatch_cigar_prices_final.py
2025-11-25 06:28:22,409 - INFO -   Found: smokeinn -> update_smokeinn_prices_final.py
2025-11-25 06:28:22,409 - INFO -   Found: tampasweethearts -> update_tampasweethearts_prices_final.py
2025-11-25 06:28:22,409 - INFO -   Found: tobaccolocker -> update_tobaccolocker_prices_final.py
2025-11-25 06:28:22,409 - INFO -   Found: watchcity -> update_watchcity_prices_final.py
2025-11-25 06:28:22,410 - INFO -   Found: cccrafter -> update_cccrafter_prices.py
2025-11-25 06:28:22,410 - INFO -   Found: nickscigarworld -> update_nicks_prices.py
2025-11-25 06:28:22,410 - INFO -   Found: twoguys -> update_two_guys_prices.py
2025-11-25 06:28:22,410 - INFO - Discovered 19 retailers
2025-11-25 06:28:22,410 - INFO - Capturing pre-update state for historical tracking...
2025-11-25 06:28:22,699 - INFO - Running updates for 19 retailers...
2025-11-25 06:28:22,699 - INFO - Starting update for absolutecigars
2025-11-25 06:28:46,206 - INFO - ✓ absolutecigars: 10 products updated in 23.5s
2025-11-25 06:28:48,207 - INFO - Starting update for atlantic
2025-11-25 06:29:10,491 - INFO - ✓ atlantic: 11 products updated in 22.3s
2025-11-25 06:29:12,492 - INFO - Starting update for bighumidor
2025-11-25 06:29:20,060 - INFO - ✓ bighumidor: 5 products updated in 7.6s
2025-11-25 06:29:22,060 - INFO - Starting update for bnbtobacco
2025-11-25 06:29:32,069 - INFO - ✓ bnbtobacco: 5 products updated in 10.0s
2025-11-25 06:29:34,070 - INFO - Starting update for cigarsdirect
2025-11-25 06:29:57,814 - INFO - ✓ cigarsdirect: 13 products updated in 23.7s
2025-11-25 06:29:59,815 - INFO - Starting update for foxcigar
2025-11-25 06:30:27,326 - INFO - ✓ foxcigar: 10 products updated in 27.5s
2025-11-25 06:30:29,326 - INFO - Starting update for gothamcigars
2025-11-25 06:30:35,819 - INFO - ✓ gothamcigars: 3 products updated in 6.5s
2025-11-25 06:30:37,820 - INFO - Starting update for hilands
2025-11-25 06:31:03,441 - INFO - ✓ hilands: 12 products updated in 25.6s
2025-11-25 06:31:05,444 - INFO - Starting update for holts
2025-11-25 06:32:15,874 - INFO - ✓ holts: 9 products updated in 70.4s
2025-11-25 06:32:17,876 - INFO - Starting update for neptune
2025-11-25 06:32:41,591 - INFO - ✓ neptune: 12 products updated in 23.7s
2025-11-25 06:32:43,592 - INFO - Starting update for planetcigars
2025-11-25 06:32:54,371 - INFO - ✓ planetcigars: 4 products updated in 10.8s
2025-11-25 06:32:56,372 - INFO - Starting update for smallbatchcigar
2025-11-25 06:33:21,472 - INFO - ✓ smallbatchcigar: 11 products updated in 25.1s
2025-11-25 06:33:23,472 - INFO - Starting update for smokeinn
2025-11-25 06:34:04,061 - INFO - ✓ smokeinn: 10 products updated in 40.6s
2025-11-25 06:34:06,062 - INFO - Starting update for tampasweethearts
2025-11-25 06:34:13,963 - INFO - ✓ tampasweethearts: 4 products updated in 7.9s
2025-11-25 06:34:15,964 - INFO - Starting update for tobaccolocker
2025-11-25 06:34:26,251 - INFO - ✓ tobaccolocker: 6 products updated in 10.3s
2025-11-25 06:34:28,285 - INFO - Starting update for watchcity
2025-11-25 06:34:39,576 - INFO - ✓ watchcity: 2 products updated in 11.3s
2025-11-25 06:34:41,576 - INFO - Starting update for cccrafter
2025-11-25 06:34:45,093 - INFO - ✓ cccrafter: 3 products updated in 3.5s
2025-11-25 06:34:47,096 - INFO - Starting update for nickscigarworld
2025-11-25 06:35:12,263 - INFO - ✓ nickscigarworld: 12 products updated in 25.2s
2025-11-25 06:35:14,266 - INFO - Starting update for twoguys
2025-11-25 06:35:20,798 - INFO - ✓ twoguys: 3 products updated in 6.5s
2025-11-25 06:35:22,799 - INFO - Capturing post-update state and tracking changes...
2025-11-25 06:35:23,055 - INFO - Starting git commit and push...
2025-11-25 06:35:23,259 - INFO - Git commit successful: Automated price update - 2025-11-25 06:35
2025-11-25 06:35:24,882 - INFO - Git push successful
2025-11-25 06:35:24,882 - INFO - ======================================================================
2025-11-25 06:35:24,882 - INFO - AUTOMATION CYCLE COMPLETE
2025-11-25 06:35:24,882 - INFO - Duration: 7.0 minutes
2025-11-25 06:35:24,882 - INFO - Retailers: 19/19 successful
2025-11-25 06:35:24,882 - INFO - Products Updated: 145
2025-11-25 06:35:24,882 - INFO - Git Push: SUCCESS
2025-11-25 06:35:24,882 - INFO - ======================================================================
2025-11-25 06:35:26,371 - INFO - Notification email sent successfully
