2025-12-08 06:52:51,099 - INFO - Historical database initialized successfully
2025-12-08 06:52:51,099 - INFO - Automated Cigar Price System initialized
2025-12-08 06:52:51,099 - INFO - ======================================================================
2025-12-08 06:52:51,099 - INFO - STARTING AUTOMATED CIGAR PRICE UPDATE CYCLE
2025-12-08 06:52:51,099 - INFO - Time: 2025-12-08 06:52:51
2025-12-08 06:52:51,099 - INFO - ======================================================================
2025-12-08 06:52:51,099 - INFO - Auto-discovering retailer update scripts in app/ folder...
2025-12-08 06:52:51,100 - INFO -   Found: absolutecigars -> update_absolute_cigars_prices_final.py
2025-12-08 06:52:51,101 - INFO -   Found: atlantic -> update_atlantic_prices_final.py
2025-12-08 06:52:51,101 - INFO -   Found: bighumidor -> update_bighumidor_prices_final.py
2025-12-08 06:52:51,101 - INFO -   Found: bnbtobacco -> update_bnbtobacco_prices_final.py
2025-12-08 06:52:51,102 - INFO -   Found: cigarsdirect -> update_cigarsdirect_prices_final.py
2025-12-08 06:52:51,102 - INFO -   Found: foxcigar -> update_foxcigar_prices_final.py
2025-12-08 06:52:51,102 - INFO -   Found: gothamcigars -> update_gotham_prices_final.py
2025-12-08 06:52:51,103 - INFO -   Found: hilands -> update_hilandscigars_prices_final.py
2025-12-08 06:52:51,103 - INFO -   Found: holts -> update_holts_prices_final.py
2025-12-08 06:52:51,103 - INFO -   Found: neptune -> update_neptune_prices_final.py
2025-12-08 06:52:51,104 - INFO -   Found: planetcigars -> update_planet_cigars_prices_final.py
2025-12-08 06:52:51,104 - INFO -   Found: smallbatchcigar -> update_smallbatch_cigar_prices_final.py
2025-12-08 06:52:51,104 - INFO -   Found: smokeinn -> update_smokeinn_prices_final.py
2025-12-08 06:52:51,105 - INFO -   Found: tampasweethearts -> update_tampasweethearts_prices_final.py
2025-12-08 06:52:51,105 - INFO -   Found: tobaccolocker -> update_tobaccolocker_prices_final.py
2025-12-08 06:52:51,105 - INFO -   Found: watchcity -> update_watchcity_prices_final.py
2025-12-08 06:52:51,106 - INFO -   Found: cccrafter -> update_cccrafter_prices.py
2025-12-08 06:52:51,106 - INFO -   Found: nickscigarworld -> update_nicks_prices.py
2025-12-08 06:52:51,106 - INFO -   Found: twoguys -> update_two_guys_prices.py
2025-12-08 06:52:51,106 - INFO - Discovered 19 retailers
2025-12-08 06:52:51,106 - INFO - Capturing pre-update state for historical tracking...
2025-12-08 06:52:51,263 - INFO - Running updates for 19 retailers...
2025-12-08 06:52:51,263 - INFO - Starting update for absolutecigars
2025-12-08 06:54:27,140 - INFO - ✓ absolutecigars: 40 products updated in 95.9s
2025-12-08 06:54:29,142 - INFO - Starting update for atlantic
2025-12-08 06:55:55,094 - INFO - ✓ atlantic: 44 products updated in 86.0s
2025-12-08 06:55:57,095 - INFO - Starting update for bighumidor
2025-12-08 06:56:08,716 - INFO - ✓ bighumidor: 57 products updated in 11.6s
2025-12-08 06:56:10,716 - INFO - Starting update for bnbtobacco
2025-12-08 06:56:55,293 - INFO - ✓ bnbtobacco: 25 products updated in 44.6s
2025-12-08 06:56:57,294 - INFO - Starting update for cigarsdirect
2025-12-08 06:58:37,061 - INFO - ✓ cigarsdirect: 57 products updated in 99.8s
2025-12-08 06:58:39,061 - INFO - Starting update for foxcigar
2025-12-08 07:00:42,022 - INFO - ✓ foxcigar: 44 products updated in 123.0s
2025-12-08 07:00:44,022 - INFO - Starting update for gothamcigars
2025-12-08 07:01:43,130 - INFO - ✓ gothamcigars: 31 products updated in 59.1s
2025-12-08 07:01:45,130 - INFO - Starting update for hilands
2025-12-08 07:03:14,680 - INFO - ✓ hilands: 43 products updated in 89.5s
2025-12-08 07:03:16,681 - INFO - Starting update for holts
2025-12-08 07:10:17,452 - INFO - ✓ holts: 56 products updated in 420.8s
2025-12-08 07:10:19,453 - INFO - Starting update for neptune
2025-12-08 07:12:12,049 - INFO - ✓ neptune: 58 products updated in 112.6s
2025-12-08 07:12:14,054 - INFO - Starting update for planetcigars
2025-12-08 07:12:26,115 - INFO - ✓ planetcigars: 4 products updated in 12.1s
2025-12-08 07:12:28,116 - INFO - Starting update for smallbatchcigar
2025-12-08 07:12:54,173 - INFO - ✓ smallbatchcigar: 11 products updated in 26.1s
2025-12-08 07:12:56,177 - INFO - Starting update for smokeinn
2025-12-08 07:13:56,662 - INFO - ✓ smokeinn: 10 products updated in 60.5s
2025-12-08 07:13:58,662 - INFO - Starting update for tampasweethearts
2025-12-08 07:14:06,202 - INFO - ✓ tampasweethearts: 4 products updated in 7.5s
2025-12-08 07:14:08,202 - INFO - Starting update for tobaccolocker
2025-12-08 07:14:18,773 - INFO - ✓ tobaccolocker: 6 products updated in 10.6s
2025-12-08 07:14:20,774 - INFO - Starting update for watchcity
2025-12-08 07:14:30,979 - INFO - ✓ watchcity: 2 products updated in 10.2s
2025-12-08 07:14:32,980 - INFO - Starting update for cccrafter
2025-12-08 07:15:16,349 - INFO - ✓ cccrafter: 25 products updated in 43.4s
2025-12-08 07:15:18,350 - INFO - Starting update for nickscigarworld
2025-12-08 07:15:44,897 - INFO - ✓ nickscigarworld: 12 products updated in 26.5s
2025-12-08 07:15:46,897 - INFO - Starting update for twoguys
2025-12-08 07:15:53,753 - INFO - ✓ twoguys: 3 products updated in 6.9s
2025-12-08 07:15:55,755 - INFO - Capturing post-update state and tracking changes...
2025-12-08 07:15:56,327 - INFO - Applying promotional discounts...
2025-12-08 07:15:56,467 - INFO - ✓ Promotional processing completed successfully
2025-12-08 07:15:56,468 - INFO - Starting git commit and push...
2025-12-08 07:15:57,007 - INFO - Git commit successful: Automated price update - 2025-12-08 07:15
2025-12-08 07:15:59,636 - INFO - Git push successful
2025-12-08 07:15:59,636 - INFO - ======================================================================
2025-12-08 07:15:59,636 - INFO - AUTOMATION CYCLE COMPLETE
2025-12-08 07:15:59,636 - INFO - Duration: 23.1 minutes
2025-12-08 07:15:59,636 - INFO - Retailers: 19/19 successful
2025-12-08 07:15:59,636 - INFO - Products Updated: 532
2025-12-08 07:15:59,636 - INFO - Git Push: SUCCESS
2025-12-08 07:15:59,636 - INFO - ======================================================================
2025-12-08 07:16:01,234 - INFO - Notification email sent successfully
