2025-11-28 17:44:50,118 - INFO - Historical database initialized successfully
2025-11-28 17:44:50,118 - INFO - Automated Cigar Price System initialized
2025-11-28 17:44:50,118 - INFO - ======================================================================
2025-11-28 17:44:50,118 - INFO - STARTING AUTOMATED CIGAR PRICE UPDATE CYCLE
2025-11-28 17:44:50,118 - INFO - Time: 2025-11-28 17:44:50
2025-11-28 17:44:50,118 - INFO - ======================================================================
2025-11-28 17:44:50,118 - INFO - Auto-discovering retailer update scripts in app/ folder...
2025-11-28 17:44:50,119 - INFO -   Found: absolutecigars -> update_absolute_cigars_prices_final.py
2025-11-28 17:44:50,119 - INFO -   Found: atlantic -> update_atlantic_prices_final.py
2025-11-28 17:44:50,119 - INFO -   Found: bighumidor -> update_bighumidor_prices_final.py
2025-11-28 17:44:50,119 - INFO -   Found: bnbtobacco -> update_bnbtobacco_prices_final.py
2025-11-28 17:44:50,119 - INFO -   Found: cigarsdirect -> update_cigarsdirect_prices_final.py
2025-11-28 17:44:50,119 - INFO -   Found: foxcigar -> update_foxcigar_prices_final.py
2025-11-28 17:44:50,119 - INFO -   Found: gothamcigars -> update_gotham_prices_final.py
2025-11-28 17:44:50,119 - INFO -   Found: hilands -> update_hilandscigars_prices_final.py
2025-11-28 17:44:50,119 - INFO -   Found: holts -> update_holts_prices_final.py
2025-11-28 17:44:50,119 - INFO -   Found: neptune -> update_neptune_prices_final.py
2025-11-28 17:44:50,119 - INFO -   Found: planetcigars -> update_planet_cigars_prices_final.py
2025-11-28 17:44:50,120 - INFO -   Found: smallbatchcigar -> update_smallbatch_cigar_prices_final.py
2025-11-28 17:44:50,120 - INFO -   Found: smokeinn -> update_smokeinn_prices_final.py
2025-11-28 17:44:50,120 - INFO -   Found: tampasweethearts -> update_tampasweethearts_prices_final.py
2025-11-28 17:44:50,120 - INFO -   Found: tobaccolocker -> update_tobaccolocker_prices_final.py
2025-11-28 17:44:50,120 - INFO -   Found: watchcity -> update_watchcity_prices_final.py
2025-11-28 17:44:50,120 - INFO -   Found: cccrafter -> update_cccrafter_prices.py
2025-11-28 17:44:50,120 - INFO -   Found: nickscigarworld -> update_nicks_prices.py
2025-11-28 17:44:50,120 - INFO -   Found: twoguys -> update_two_guys_prices.py
2025-11-28 17:44:50,120 - INFO - Discovered 19 retailers
2025-11-28 17:44:50,120 - INFO - Capturing pre-update state for historical tracking...
2025-11-28 17:44:50,290 - INFO - Running updates for 19 retailers...
2025-11-28 17:44:50,290 - INFO - Starting update for absolutecigars
2025-11-28 17:45:13,653 - INFO - ✓ absolutecigars: 10 products updated in 23.4s
2025-11-28 17:45:15,654 - INFO - Starting update for atlantic
2025-11-28 17:45:37,421 - INFO - ✓ atlantic: 11 products updated in 21.8s
2025-11-28 17:45:39,422 - INFO - Starting update for bighumidor
2025-11-28 17:45:46,846 - INFO - ✓ bighumidor: 5 products updated in 7.4s
2025-11-28 17:45:48,848 - INFO - Starting update for bnbtobacco
2025-11-28 17:45:58,339 - INFO - ✓ bnbtobacco: 5 products updated in 9.5s
2025-11-28 17:46:00,340 - INFO - Starting update for cigarsdirect
2025-11-28 17:46:23,409 - INFO - ✓ cigarsdirect: 13 products updated in 23.1s
2025-11-28 17:46:25,410 - INFO - Starting update for foxcigar
2025-11-28 17:46:54,370 - INFO - ✓ foxcigar: 10 products updated in 29.0s
2025-11-28 17:46:56,370 - INFO - Starting update for gothamcigars
2025-11-28 17:47:02,826 - INFO - ✓ gothamcigars: 3 products updated in 6.5s
2025-11-28 17:47:04,833 - INFO - Starting update for hilands
2025-11-28 17:47:31,540 - INFO - ✓ hilands: 12 products updated in 26.7s
2025-11-28 17:47:33,541 - INFO - Starting update for holts
2025-11-28 17:48:56,742 - INFO - ✓ holts: 9 products updated in 83.2s
2025-11-28 17:48:58,743 - INFO - Starting update for neptune
2025-11-28 17:49:22,363 - INFO - ✓ neptune: 12 products updated in 23.6s
2025-11-28 17:49:24,363 - INFO - Starting update for planetcigars
2025-11-28 17:49:35,121 - INFO - ✓ planetcigars: 4 products updated in 10.8s
2025-11-28 17:49:37,122 - INFO - Starting update for smallbatchcigar
2025-11-28 17:50:03,737 - INFO - ✓ smallbatchcigar: 11 products updated in 26.6s
2025-11-28 17:50:05,738 - INFO - Starting update for smokeinn
2025-11-28 17:50:46,776 - INFO - ✓ smokeinn: 10 products updated in 41.0s
2025-11-28 17:50:48,777 - INFO - Starting update for tampasweethearts
2025-11-28 17:50:56,482 - INFO - ✓ tampasweethearts: 4 products updated in 7.7s
2025-11-28 17:50:58,483 - INFO - Starting update for tobaccolocker
2025-11-28 17:51:08,822 - INFO - ✓ tobaccolocker: 6 products updated in 10.3s
2025-11-28 17:51:10,823 - INFO - Starting update for watchcity
2025-11-28 17:51:19,512 - INFO - ✓ watchcity: 2 products updated in 8.7s
2025-11-28 17:51:21,512 - INFO - Starting update for cccrafter
2025-11-28 17:51:24,852 - INFO - ✓ cccrafter: 3 products updated in 3.3s
2025-11-28 17:51:26,853 - INFO - Starting update for nickscigarworld
2025-11-28 17:51:51,823 - INFO - ✓ nickscigarworld: 12 products updated in 25.0s
2025-11-28 17:51:53,824 - INFO - Starting update for twoguys
2025-11-28 17:52:00,286 - INFO - ✓ twoguys: 3 products updated in 6.5s
2025-11-28 17:52:02,287 - INFO - Capturing post-update state and tracking changes...
2025-11-28 17:52:02,560 - INFO - Starting git commit and push...
2025-11-28 17:52:02,780 - INFO - Git commit successful: Automated price update - 2025-11-28 17:52
2025-11-28 17:52:04,296 - INFO - Git push successful
2025-11-28 17:52:04,296 - INFO - ======================================================================
2025-11-28 17:52:04,296 - INFO - AUTOMATION CYCLE COMPLETE
2025-11-28 17:52:04,296 - INFO - Duration: 7.2 minutes
2025-11-28 17:52:04,296 - INFO - Retailers: 19/19 successful
2025-11-28 17:52:04,296 - INFO - Products Updated: 145
2025-11-28 17:52:04,296 - INFO - Git Push: SUCCESS
2025-11-28 17:52:04,296 - INFO - ======================================================================
2025-11-28 17:52:05,360 - INFO - Notification email sent successfully
