2025-11-19 20:01:29,179 - ERROR - Failed to setup git authentication: [WinError 267] The directory name is invalid
2025-11-19 20:01:29,809 - INFO - Adding job tentatively -- it will be properly scheduled when the scheduler starts
2025-11-19 20:01:29,809 - INFO - Automation scheduled - Daily updates at 3 AM UTC
2025-11-19 20:01:29,809 - INFO - Manual trigger: python automation_master.py manual
2025-11-19 20:01:29,811 - INFO - Added job "CigarPriceAutomationEnhanced.run_full_update" to job store "default"
2025-11-19 20:01:29,811 - INFO - Scheduler started
2025-11-19 20:02:34,758 - ERROR - Failed to setup git authentication: [WinError 267] The directory name is invalid
2025-11-19 20:02:34,758 - INFO - Starting cccrafter price update...
2025-11-19 20:02:34,758 - ERROR - cccrafter update crashed: [WinError 267] The directory name is invalid
2025-11-21 09:46:18,935 - ERROR - Failed to setup git authentication: [WinError 267] The directory name is invalid
2025-11-21 09:46:18,935 - INFO - STARTING AUTOMATED PRICE UPDATE CYCLE
2025-11-21 09:46:18,935 - INFO - Starting atlantic price update...
2025-11-21 09:46:18,935 - ERROR - atlantic update crashed: [WinError 267] The directory name is invalid
2025-11-21 09:46:18,935 - INFO - Starting foxcigar price update...
2025-11-21 09:46:18,935 - ERROR - foxcigar update crashed: [WinError 267] The directory name is invalid
2025-11-21 09:46:18,936 - INFO - Starting nickscigarworld price update...
2025-11-21 09:46:18,936 - ERROR - nickscigarworld update crashed: [WinError 267] The directory name is invalid
2025-11-21 09:46:18,936 - INFO - Starting hilands price update...
2025-11-21 09:46:18,936 - ERROR - hilands update crashed: [WinError 267] The directory name is invalid
2025-11-21 09:46:18,936 - INFO - Starting gothamcigars price update...
2025-11-21 09:46:18,936 - ERROR - gothamcigars update crashed: [WinError 267] The directory name is invalid
2025-11-21 09:46:18,936 - INFO - Starting bnbtobacco price update...
2025-11-21 09:46:18,936 - ERROR - bnbtobacco update crashed: [WinError 267] The directory name is invalid
2025-11-21 09:46:18,936 - INFO - Starting neptune price update...
2025-11-21 09:46:18,936 - ERROR - neptune update crashed: [WinError 267] The directory name is invalid
2025-11-21 09:46:18,937 - INFO - Starting tampasweethearts price update...
2025-11-21 09:46:18,937 - ERROR - tampasweethearts update crashed: [WinError 267] The directory name is invalid
2025-11-21 09:46:18,937 - INFO - Starting tobaccolocker price update...
2025-11-21 09:46:18,937 - ERROR - tobaccolocker update crashed: [WinError 267] The directory name is invalid
2025-11-21 09:46:18,937 - INFO - Starting watchcity price update...
2025-11-21 09:46:18,937 - ERROR - watchcity update crashed: [WinError 267] The directory name is invalid
2025-11-21 09:46:18,937 - INFO - Starting cigarsdirect price update...
2025-11-21 09:46:18,937 - ERROR - cigarsdirect update crashed: [WinError 267] The directory name is invalid
2025-11-21 09:46:18,937 - INFO - Starting absolute_cigars price update...
2025-11-21 09:46:18,938 - ERROR - absolute_cigars update crashed: [WinError 267] The directory name is invalid
2025-11-21 09:46:18,938 - INFO - Starting smallbatch_cigar price update...
2025-11-21 09:46:18,938 - ERROR - smallbatch_cigar update crashed: [WinError 267] The directory name is invalid
2025-11-21 09:46:18,938 - INFO - Starting planet_cigars price update...
2025-11-21 09:46:18,938 - ERROR - planet_cigars update crashed: [WinError 267] The directory name is invalid
2025-11-21 09:46:18,938 - INFO - Starting holts price update...
2025-11-21 09:46:18,938 - ERROR - holts update crashed: [WinError 267] The directory name is invalid
2025-11-21 09:46:18,938 - INFO - Starting smokeinn price update...
2025-11-21 09:46:18,938 - ERROR - smokeinn update crashed: [WinError 267] The directory name is invalid
2025-11-21 09:46:18,939 - INFO - Starting twoguys price update...
2025-11-21 09:46:18,939 - ERROR - twoguys update crashed: [WinError 267] The directory name is invalid
2025-11-21 09:46:18,939 - INFO - Starting cccrafter price update...
2025-11-21 09:46:18,939 - ERROR - cccrafter update crashed: [WinError 267] The directory name is invalid
2025-11-21 09:46:18,939 - INFO - Git sync skipped - not available in this environment
2025-11-21 09:46:18,939 - ERROR - Error capturing historical snapshot: [WinError 3] The system cannot find the path specified: '\\app\\data'
2025-11-21 09:46:18,939 - INFO - UPDATE SUMMARY
2025-11-21 09:46:18,939 - INFO - Duration: 0.0 minutes
2025-11-21 09:46:18,939 - INFO - Successful: 0/18 retailers
2025-11-21 09:46:18,939 - INFO - Products Updated: 0
2025-11-21 09:46:18,939 - INFO - Git Sync: SUCCESS
2025-11-21 09:46:18,939 - INFO - Historical Snapshot: FAILED
2025-11-21 09:46:18,939 - INFO - Automation complete! Updated prices are now live on your website.
2025-11-21 09:46:18,939 - INFO - Run 'git pull' on your local computer to get the latest data.
