2025-12-02 08:40:54,635 - INFO - Historical database initialized successfully
2025-12-02 08:40:54,635 - INFO - Automated Cigar Price System initialized
2025-12-02 08:40:54,635 - INFO - ======================================================================
2025-12-02 08:40:54,636 - INFO - STARTING AUTOMATED CIGAR PRICE UPDATE CYCLE
2025-12-02 08:40:54,636 - INFO - Time: 2025-12-02 08:40:54
2025-12-02 08:40:54,636 - INFO - ======================================================================
2025-12-02 08:40:54,636 - INFO - Auto-discovering retailer update scripts in app/ folder...
2025-12-02 08:40:54,636 - INFO -   Found: absolutecigars -> update_absolute_cigars_prices_final.py
2025-12-02 08:40:54,637 - INFO -   Found: atlantic -> update_atlantic_prices_final.py
2025-12-02 08:40:54,637 - INFO -   Found: bighumidor -> update_bighumidor_prices_final.py
2025-12-02 08:40:54,637 - INFO -   Found: bnbtobacco -> update_bnbtobacco_prices_final.py
2025-12-02 08:40:54,637 - INFO -   Found: cigarsdirect -> update_cigarsdirect_prices_final.py
2025-12-02 08:40:54,637 - INFO -   Found: foxcigar -> update_foxcigar_prices_final.py
2025-12-02 08:40:54,638 - INFO -   Found: gothamcigars -> update_gotham_prices_final.py
2025-12-02 08:40:54,638 - INFO -   Found: hilands -> update_hilandscigars_prices_final.py
2025-12-02 08:40:54,638 - INFO -   Found: holts -> update_holts_prices_final.py
2025-12-02 08:40:54,638 - INFO -   Found: neptune -> update_neptune_prices_final.py
2025-12-02 08:40:54,638 - INFO -   Found: planetcigars -> update_planet_cigars_prices_final.py
2025-12-02 08:40:54,639 - INFO -   Found: smallbatchcigar -> update_smallbatch_cigar_prices_final.py
2025-12-02 08:40:54,639 - INFO -   Found: smokeinn -> update_smokeinn_prices_final.py
2025-12-02 08:40:54,639 - INFO -   Found: tampasweethearts -> update_tampasweethearts_prices_final.py
2025-12-02 08:40:54,639 - INFO -   Found: tobaccolocker -> update_tobaccolocker_prices_final.py
2025-12-02 08:40:54,639 - INFO -   Found: watchcity -> update_watchcity_prices_final.py
2025-12-02 08:40:54,640 - INFO -   Found: cccrafter -> update_cccrafter_prices.py
2025-12-02 08:40:54,640 - INFO -   Found: nickscigarworld -> update_nicks_prices.py
2025-12-02 08:40:54,640 - INFO -   Found: twoguys -> update_two_guys_prices.py
2025-12-02 08:40:54,640 - INFO - Discovered 19 retailers
2025-12-02 08:40:54,640 - INFO - Capturing pre-update state for historical tracking...
2025-12-02 08:40:54,720 - INFO - Running updates for 19 retailers...
2025-12-02 08:40:54,720 - INFO - Starting update for absolutecigars
2025-12-02 08:41:19,391 - INFO - ✓ absolutecigars: 10 products updated in 24.7s
2025-12-02 08:41:21,392 - INFO - Starting update for atlantic
2025-12-02 08:41:43,724 - INFO - ✓ atlantic: 11 products updated in 22.3s
2025-12-02 08:41:45,725 - INFO - Starting update for bighumidor
2025-12-02 08:41:53,258 - INFO - ✓ bighumidor: 5 products updated in 7.5s
2025-12-02 08:41:55,259 - INFO - Starting update for bnbtobacco
2025-12-02 08:42:05,104 - INFO - ✓ bnbtobacco: 5 products updated in 9.8s
2025-12-02 08:42:07,105 - INFO - Starting update for cigarsdirect
2025-12-02 08:42:32,836 - INFO - ✓ cigarsdirect: 13 products updated in 25.7s
2025-12-02 08:42:34,837 - INFO - Starting update for foxcigar
2025-12-02 08:43:04,250 - INFO - ✓ foxcigar: 10 products updated in 29.4s
2025-12-02 08:43:06,250 - INFO - Starting update for gothamcigars
2025-12-02 08:43:12,473 - INFO - ✓ gothamcigars: 3 products updated in 6.2s
2025-12-02 08:43:14,474 - INFO - Starting update for hilands
2025-12-02 08:43:40,127 - ERROR - ✗ hilands: Failed - ======================================================================
HILAND'S CIGARS ENHANCED PRICE UPDATE - 2025-12-02 08:43:15
MASTER-DRIVEN METADATA SYNC: All metadata always synced from master f...
2025-12-02 08:43:42,128 - INFO - Starting update for holts
2025-12-02 08:44:53,328 - INFO - ✓ holts: 9 products updated in 71.2s
2025-12-02 08:44:55,329 - INFO - Starting update for neptune
2025-12-02 08:45:19,023 - INFO - ✓ neptune: 12 products updated in 23.7s
2025-12-02 08:45:21,024 - INFO - Starting update for planetcigars
2025-12-02 08:45:32,788 - INFO - ✓ planetcigars: 4 products updated in 11.8s
2025-12-02 08:45:34,788 - INFO - Starting update for smallbatchcigar
2025-12-02 08:46:00,920 - INFO - ✓ smallbatchcigar: 11 products updated in 26.1s
2025-12-02 08:46:02,920 - INFO - Starting update for smokeinn
2025-12-02 08:46:42,393 - INFO - ✓ smokeinn: 10 products updated in 39.5s
2025-12-02 08:46:44,393 - INFO - Starting update for tampasweethearts
2025-12-02 08:46:52,009 - INFO - ✓ tampasweethearts: 4 products updated in 7.6s
2025-12-02 08:46:54,009 - INFO - Starting update for tobaccolocker
2025-12-02 08:47:04,741 - INFO - ✓ tobaccolocker: 6 products updated in 10.7s
2025-12-02 08:47:06,741 - INFO - Starting update for watchcity
2025-12-02 08:47:15,329 - INFO - ✓ watchcity: 2 products updated in 8.6s
2025-12-02 08:47:17,329 - INFO - Starting update for cccrafter
2025-12-02 08:47:20,895 - INFO - ✓ cccrafter: 3 products updated in 3.6s
2025-12-02 08:47:22,896 - INFO - Starting update for nickscigarworld
2025-12-02 08:47:46,605 - INFO - ✓ nickscigarworld: 12 products updated in 23.7s
2025-12-02 08:47:48,605 - INFO - Starting update for twoguys
2025-12-02 08:47:54,805 - INFO - ✓ twoguys: 3 products updated in 6.2s
2025-12-02 08:47:56,806 - INFO - Capturing post-update state and tracking changes...
2025-12-02 08:47:57,218 - INFO - Starting git commit and push...
2025-12-02 08:47:57,512 - INFO - Git commit successful: Automated price update - 2025-12-02 08:47
2025-12-02 08:47:59,028 - INFO - Git push successful
2025-12-02 08:47:59,029 - INFO - ======================================================================
2025-12-02 08:47:59,029 - INFO - AUTOMATION CYCLE COMPLETE
2025-12-02 08:47:59,029 - INFO - Duration: 7.1 minutes
2025-12-02 08:47:59,029 - INFO - Retailers: 18/19 successful
2025-12-02 08:47:59,029 - INFO - Products Updated: 133
2025-12-02 08:47:59,029 - INFO - Git Push: SUCCESS
2025-12-02 08:47:59,029 - ERROR - Errors: 1 encountered
2025-12-02 08:47:59,029 - INFO - ======================================================================
2025-12-02 08:48:00,106 - INFO - Notification email sent successfully
2025-12-02 14:35:43,864 - INFO - Historical database initialized successfully
2025-12-02 14:35:43,864 - INFO - Automated Cigar Price System initialized
2025-12-02 14:35:43,864 - INFO - ======================================================================
2025-12-02 14:35:43,864 - INFO - STARTING AUTOMATED CIGAR PRICE UPDATE CYCLE
2025-12-02 14:35:43,864 - INFO - Time: 2025-12-02 14:35:43
2025-12-02 14:35:43,864 - INFO - ======================================================================
2025-12-02 14:35:43,864 - INFO - Auto-discovering retailer update scripts in app/ folder...
2025-12-02 14:35:43,865 - INFO -   Found: absolutecigars -> update_absolute_cigars_prices_final.py
2025-12-02 14:35:43,865 - INFO -   Found: atlantic -> update_atlantic_prices_final.py
2025-12-02 14:35:43,865 - INFO -   Found: bighumidor -> update_bighumidor_prices_final.py
2025-12-02 14:35:43,865 - INFO -   Found: bnbtobacco -> update_bnbtobacco_prices_final.py
2025-12-02 14:35:43,865 - INFO -   Found: cigarsdirect -> update_cigarsdirect_prices_final.py
2025-12-02 14:35:43,865 - INFO -   Found: foxcigar -> update_foxcigar_prices_final.py
2025-12-02 14:35:43,865 - INFO -   Found: gothamcigars -> update_gotham_prices_final.py
2025-12-02 14:35:43,865 - INFO -   Found: hilands -> update_hilandscigars_prices_final.py
2025-12-02 14:35:43,865 - INFO -   Found: holts -> update_holts_prices_final.py
2025-12-02 14:35:43,865 - INFO -   Found: neptune -> update_neptune_prices_final.py
2025-12-02 14:35:43,865 - INFO -   Found: planetcigars -> update_planet_cigars_prices_final.py
2025-12-02 14:35:43,865 - INFO -   Found: smallbatchcigar -> update_smallbatch_cigar_prices_final.py
2025-12-02 14:35:43,865 - INFO -   Found: smokeinn -> update_smokeinn_prices_final.py
2025-12-02 14:35:43,866 - INFO -   Found: tampasweethearts -> update_tampasweethearts_prices_final.py
2025-12-02 14:35:43,866 - INFO -   Found: tobaccolocker -> update_tobaccolocker_prices_final.py
2025-12-02 14:35:43,866 - INFO -   Found: watchcity -> update_watchcity_prices_final.py
2025-12-02 14:35:43,866 - INFO -   Found: cccrafter -> update_cccrafter_prices.py
2025-12-02 14:35:43,866 - INFO -   Found: nickscigarworld -> update_nicks_prices.py
2025-12-02 14:35:43,866 - INFO -   Found: twoguys -> update_two_guys_prices.py
2025-12-02 14:35:43,866 - INFO - Discovered 19 retailers
2025-12-02 14:35:43,866 - INFO - Capturing pre-update state for historical tracking...
2025-12-02 14:35:44,063 - INFO - Running updates for 19 retailers...
2025-12-02 14:35:44,063 - INFO - Starting update for absolutecigars
2025-12-02 14:36:09,801 - INFO - ✓ absolutecigars: 10 products updated in 25.7s
2025-12-02 14:36:11,802 - INFO - Starting update for atlantic
2025-12-02 14:36:34,353 - INFO - ✓ atlantic: 11 products updated in 22.6s
2025-12-02 14:36:36,354 - INFO - Starting update for bighumidor
2025-12-02 14:36:43,827 - INFO - ✓ bighumidor: 5 products updated in 7.5s
2025-12-02 14:36:45,827 - INFO - Starting update for bnbtobacco
2025-12-02 14:36:55,242 - INFO - ✓ bnbtobacco: 5 products updated in 9.4s
2025-12-02 14:36:57,242 - INFO - Starting update for cigarsdirect
2025-12-02 14:37:20,384 - INFO - ✓ cigarsdirect: 13 products updated in 23.1s
2025-12-02 14:37:22,385 - INFO - Starting update for foxcigar
2025-12-02 14:37:50,535 - INFO - ✓ foxcigar: 10 products updated in 28.1s
2025-12-02 14:37:52,535 - INFO - Starting update for gothamcigars
2025-12-02 14:37:59,105 - INFO - ✓ gothamcigars: 3 products updated in 6.6s
2025-12-02 14:38:01,106 - INFO - Starting update for hilands
2025-12-02 14:38:27,370 - INFO - ✓ hilands: 12 products updated in 26.3s
2025-12-02 14:38:29,370 - INFO - Starting update for holts
2025-12-02 14:39:44,401 - INFO - ✓ holts: 9 products updated in 75.0s
2025-12-02 14:39:46,402 - INFO - Starting update for neptune
2025-12-02 14:40:09,541 - INFO - ✓ neptune: 12 products updated in 23.1s
2025-12-02 14:40:11,542 - INFO - Starting update for planetcigars
2025-12-02 14:40:23,277 - INFO - ✓ planetcigars: 4 products updated in 11.7s
2025-12-02 14:40:25,277 - INFO - Starting update for smallbatchcigar
2025-12-02 14:40:48,432 - INFO - ✓ smallbatchcigar: 11 products updated in 23.2s
2025-12-02 14:40:50,432 - INFO - Starting update for smokeinn
2025-12-02 14:41:30,408 - INFO - ✓ smokeinn: 10 products updated in 40.0s
2025-12-02 14:41:32,408 - INFO - Starting update for tampasweethearts
2025-12-02 14:41:39,865 - INFO - ✓ tampasweethearts: 4 products updated in 7.5s
2025-12-02 14:41:41,866 - INFO - Starting update for tobaccolocker
2025-12-02 14:41:52,269 - INFO - ✓ tobaccolocker: 6 products updated in 10.4s
2025-12-02 14:41:54,269 - INFO - Starting update for watchcity
2025-12-02 14:42:02,956 - INFO - ✓ watchcity: 2 products updated in 8.7s
2025-12-02 14:42:04,956 - INFO - Starting update for cccrafter
2025-12-02 14:42:08,588 - INFO - ✓ cccrafter: 3 products updated in 3.6s
2025-12-02 14:42:10,589 - INFO - Starting update for nickscigarworld
2025-12-02 14:42:42,102 - INFO - ✓ nickscigarworld: 12 products updated in 31.5s
2025-12-02 14:42:44,103 - INFO - Starting update for twoguys
2025-12-02 14:42:50,495 - INFO - ✓ twoguys: 3 products updated in 6.4s
2025-12-02 14:42:52,496 - INFO - Capturing post-update state and tracking changes...
2025-12-02 14:42:52,708 - INFO - Starting git commit and push...
2025-12-02 14:42:52,913 - INFO - Git commit successful: Automated price update - 2025-12-02 14:42
2025-12-02 14:42:54,275 - INFO - Git push successful
2025-12-02 14:42:54,275 - INFO - ======================================================================
2025-12-02 14:42:54,275 - INFO - AUTOMATION CYCLE COMPLETE
2025-12-02 14:42:54,275 - INFO - Duration: 7.2 minutes
2025-12-02 14:42:54,275 - INFO - Retailers: 19/19 successful
2025-12-02 14:42:54,275 - INFO - Products Updated: 145
2025-12-02 14:42:54,275 - INFO - Git Push: SUCCESS
2025-12-02 14:42:54,275 - INFO - ======================================================================
2025-12-02 14:42:56,041 - INFO - Notification email sent successfully
2025-12-02 15:05:05,174 - INFO - Historical database initialized successfully
2025-12-02 15:05:05,174 - INFO - Automated Cigar Price System initialized
2025-12-02 15:05:05,174 - INFO - ======================================================================
2025-12-02 15:05:05,174 - INFO - STARTING AUTOMATED CIGAR PRICE UPDATE CYCLE
2025-12-02 15:05:05,174 - INFO - Time: 2025-12-02 15:05:05
2025-12-02 15:05:05,174 - INFO - ======================================================================
2025-12-02 15:05:05,174 - INFO - Auto-discovering retailer update scripts in app/ folder...
2025-12-02 15:05:05,175 - INFO -   Found: absolutecigars -> update_absolute_cigars_prices_final.py
2025-12-02 15:05:05,175 - INFO -   Found: atlantic -> update_atlantic_prices_final.py
2025-12-02 15:05:05,175 - INFO -   Found: bighumidor -> update_bighumidor_prices_final.py
2025-12-02 15:05:05,175 - INFO -   Found: bnbtobacco -> update_bnbtobacco_prices_final.py
2025-12-02 15:05:05,175 - INFO -   Found: cigarsdirect -> update_cigarsdirect_prices_final.py
2025-12-02 15:05:05,175 - INFO -   Found: foxcigar -> update_foxcigar_prices_final.py
2025-12-02 15:05:05,175 - INFO -   Found: gothamcigars -> update_gotham_prices_final.py
2025-12-02 15:05:05,175 - INFO -   Found: hilands -> update_hilandscigars_prices_final.py
2025-12-02 15:05:05,175 - INFO -   Found: holts -> update_holts_prices_final.py
2025-12-02 15:05:05,175 - INFO -   Found: neptune -> update_neptune_prices_final.py
2025-12-02 15:05:05,175 - INFO -   Found: planetcigars -> update_planet_cigars_prices_final.py
2025-12-02 15:05:05,175 - INFO -   Found: smallbatchcigar -> update_smallbatch_cigar_prices_final.py
2025-12-02 15:05:05,176 - INFO -   Found: smokeinn -> update_smokeinn_prices_final.py
2025-12-02 15:05:05,176 - INFO -   Found: tampasweethearts -> update_tampasweethearts_prices_final.py
2025-12-02 15:05:05,176 - INFO -   Found: tobaccolocker -> update_tobaccolocker_prices_final.py
2025-12-02 15:05:05,176 - INFO -   Found: watchcity -> update_watchcity_prices_final.py
2025-12-02 15:05:05,176 - INFO -   Found: cccrafter -> update_cccrafter_prices.py
2025-12-02 15:05:05,176 - INFO -   Found: nickscigarworld -> update_nicks_prices.py
2025-12-02 15:05:05,176 - INFO -   Found: twoguys -> update_two_guys_prices.py
2025-12-02 15:05:05,176 - INFO - Discovered 19 retailers
2025-12-02 15:05:05,176 - INFO - Capturing pre-update state for historical tracking...
2025-12-02 15:05:05,210 - INFO - Running updates for 19 retailers...
2025-12-02 15:05:05,211 - INFO - Starting update for absolutecigars
2025-12-02 15:05:21,814 - INFO - ✓ absolutecigars: 10 products updated in 16.6s
2025-12-02 15:05:23,815 - INFO - Starting update for atlantic
2025-12-02 15:05:46,169 - INFO - ✓ atlantic: 11 products updated in 22.4s
2025-12-02 15:05:48,169 - INFO - Starting update for bighumidor
2025-12-02 15:05:55,529 - INFO - ✓ bighumidor: 5 products updated in 7.4s
2025-12-02 15:05:57,530 - INFO - Starting update for bnbtobacco
2025-12-02 15:06:07,239 - INFO - ✓ bnbtobacco: 5 products updated in 9.7s
2025-12-02 15:06:09,239 - INFO - Starting update for cigarsdirect
2025-12-02 15:06:33,202 - INFO - ✓ cigarsdirect: 13 products updated in 24.0s
2025-12-02 15:06:35,203 - INFO - Starting update for foxcigar
2025-12-02 15:07:03,577 - INFO - ✓ foxcigar: 10 products updated in 28.4s
2025-12-02 15:07:05,577 - INFO - Starting update for gothamcigars
2025-12-02 15:07:12,205 - INFO - ✓ gothamcigars: 3 products updated in 6.6s
2025-12-02 15:07:14,206 - INFO - Starting update for hilands
2025-12-02 15:07:39,589 - INFO - ✓ hilands: 12 products updated in 25.4s
2025-12-02 15:07:41,590 - INFO - Starting update for holts
2025-12-02 15:08:50,487 - INFO - ✓ holts: 9 products updated in 68.9s
2025-12-02 15:08:52,488 - INFO - Starting update for neptune
2025-12-02 15:09:15,937 - INFO - ✓ neptune: 12 products updated in 23.4s
2025-12-02 15:09:17,937 - INFO - Starting update for planetcigars
2025-12-02 15:09:30,347 - INFO - ✓ planetcigars: 4 products updated in 12.4s
2025-12-02 15:09:32,347 - INFO - Starting update for smallbatchcigar
2025-12-02 15:09:54,242 - INFO - ✓ smallbatchcigar: 11 products updated in 21.9s
2025-12-02 15:09:56,243 - INFO - Starting update for smokeinn
2025-12-02 15:10:35,592 - INFO - ✓ smokeinn: 10 products updated in 39.3s
2025-12-02 15:10:37,593 - INFO - Starting update for tampasweethearts
2025-12-02 15:10:45,159 - INFO - ✓ tampasweethearts: 4 products updated in 7.6s
2025-12-02 15:10:47,159 - INFO - Starting update for tobaccolocker
2025-12-02 15:10:57,395 - INFO - ✓ tobaccolocker: 6 products updated in 10.2s
2025-12-02 15:10:59,396 - INFO - Starting update for watchcity
2025-12-02 15:11:08,019 - INFO - ✓ watchcity: 2 products updated in 8.6s
2025-12-02 15:11:10,019 - INFO - Starting update for cccrafter
2025-12-02 15:11:13,416 - INFO - ✓ cccrafter: 3 products updated in 3.4s
2025-12-02 15:11:15,417 - INFO - Starting update for nickscigarworld
2025-12-02 15:11:34,909 - INFO - ✓ nickscigarworld: 12 products updated in 19.5s
2025-12-02 15:11:36,910 - INFO - Starting update for twoguys
2025-12-02 15:11:43,129 - INFO - ✓ twoguys: 3 products updated in 6.2s
2025-12-02 15:11:45,130 - INFO - Capturing post-update state and tracking changes...
2025-12-02 15:11:45,265 - INFO - Applying promotional discounts...
2025-12-02 15:11:45,349 - INFO - ✓ Promotional processing completed successfully
2025-12-02 15:11:45,349 - INFO - Starting git commit and push...
2025-12-02 15:11:45,545 - INFO - Git commit successful: Automated price update - 2025-12-02 15:11
2025-12-02 15:11:46,897 - INFO - Git push successful
2025-12-02 15:11:46,897 - INFO - ======================================================================
2025-12-02 15:11:46,897 - INFO - AUTOMATION CYCLE COMPLETE
2025-12-02 15:11:46,897 - INFO - Duration: 6.7 minutes
2025-12-02 15:11:46,897 - INFO - Retailers: 19/19 successful
2025-12-02 15:11:46,897 - INFO - Products Updated: 145
2025-12-02 15:11:46,897 - INFO - Git Push: SUCCESS
2025-12-02 15:11:46,897 - INFO - ======================================================================
2025-12-02 15:11:48,306 - INFO - Notification email sent successfully
